{"level":"debug","time":"2026-03-01T14:30:36.147+0530","caller":"cmd/bin.go:145","msg":"cli os: windows, cli arch: amd64"}
{"level":"debug","time":"2026-03-01T14:30:37.076+0530","caller":"cmd/bin.go:154","msg":"Upstream version details: {Name:cli Min:0.2.265 Max:0.2.329} "}
{"level":"info","time":"2026-03-01T14:30:37.092+0530","caller":"cmd/bin.go:202","msg":"Generating TraceID for tracking request: 01KJMA1J3G1NS3WGFW4RBMSD57 \n"}
{"level":"debug","time":"2026-03-01T14:30:39.856+0530","caller":"core/lifecycle.go:107","msg":"Setting environment"}
{"level":"debug","time":"2026-03-01T14:30:39.864+0530","caller":"core/lifecycle.go:110","msg":"Parsing config"}
{"level":"debug","time":"2026-03-01T14:30:39.864+0530","caller":"yamlconfigmanager/setup.go:724","msg":"Custom location for .hyperexecute.yaml specified. Using: hyperexecute.yaml"}
{"level":"debug","time":"2026-03-01T14:30:39.866+0530","caller":"yamlconfigmanager/setup.go:116","msg":"using hyperexecute config from : hyperexecute.yaml"}
{"level":"debug","time":"2026-03-01T14:30:41.993+0530","caller":"yamlconfigmanager/setup.go:2138","msg":"Autodetecting test type in files of path : C:\\PlaywrightAutomation"}
{"level":"debug","time":"2026-03-01T14:30:42.005+0530","caller":"yamlconfigmanager/setup.go:2180","msg":"File in which test type is detected - C:\\PlaywrightAutomation/package.json"}
{"level":"debug","time":"2026-03-01T14:30:42.005+0530","caller":"yamlconfigmanager/setup.go:2181","msg":"Pre command in which test type is detected - npx playwright install"}
{"level":"debug","time":"2026-03-01T14:30:42.005+0530","caller":"yamlconfigmanager/setup.go:514","msg":"Automatic test type detected - playwright"}
{"level":"error","time":"2026-03-01T14:30:42.008+0530","caller":"core/lifecycle.go:115","msg":"2026-03-01T14:30:35+05:30    error    \u001b[91mERR::YML::VAL\u001b[0m     Invalid yaml content: Invalid version found in .hyperexecute.yaml"}
{"level":"debug","time":"2026-03-01T14:30:42.010+0530","caller":"core/lifecycle.go:59","msg":"Quit requested from main goroutine...."}
{"level":"debug","time":"2026-03-01T14:30:42.011+0530","caller":"core/lifecycle.go:60","msg":"Waiting for the goroutines to exit"}
{"level":"debug","time":"2026-03-01T14:30:42.011+0530","caller":"core/lifecycle.go:63","msg":"All lifecycle goroutines exited"}
{"level":"debug","time":"2026-03-01T14:30:42.011+0530","caller":"cmd/bin.go:400","msg":"Exiting application due to error \u001b[91mERR::YML::VAL\u001b[0m     Invalid yaml content: Invalid version found in .hyperexecute.yaml"}
{"level":"debug","time":"2026-03-01T14:30:42.011+0530","caller":"cmd/bin.go:361","msg":"main: all goroutines have finished."}
{"level":"debug","time":"2026-03-01T14:31:36.874+0530","caller":"cmd/bin.go:145","msg":"cli os: windows, cli arch: amd64"}
{"level":"debug","time":"2026-03-01T14:31:37.793+0530","caller":"cmd/bin.go:154","msg":"Upstream version details: {Name:cli Min:0.2.265 Max:0.2.329} "}
{"level":"info","time":"2026-03-01T14:31:37.793+0530","caller":"cmd/bin.go:202","msg":"Generating TraceID for tracking request: 01KJMA3D83C5G0452GJ36KZY3T \n"}
{"level":"debug","time":"2026-03-01T14:31:39.638+0530","caller":"core/lifecycle.go:107","msg":"Setting environment"}
{"level":"debug","time":"2026-03-01T14:31:39.641+0530","caller":"core/lifecycle.go:110","msg":"Parsing config"}
{"level":"debug","time":"2026-03-01T14:31:39.641+0530","caller":"yamlconfigmanager/setup.go:724","msg":"Custom location for .hyperexecute.yaml specified. Using: hyperexecute.yaml"}
{"level":"debug","time":"2026-03-01T14:31:39.641+0530","caller":"yamlconfigmanager/setup.go:116","msg":"using hyperexecute config from : hyperexecute.yaml"}
{"level":"debug","time":"2026-03-01T14:31:41.789+0530","caller":"yamlconfigmanager/setup.go:2138","msg":"Autodetecting test type in files of path : C:\\PlaywrightAutomation"}
{"level":"debug","time":"2026-03-01T14:31:41.789+0530","caller":"yamlconfigmanager/setup.go:2180","msg":"File in which test type is detected - C:\\PlaywrightAutomation/package.json"}
{"level":"debug","time":"2026-03-01T14:31:41.789+0530","caller":"yamlconfigmanager/setup.go:2181","msg":"Pre command in which test type is detected - npx playwright install"}
{"level":"debug","time":"2026-03-01T14:31:41.789+0530","caller":"yamlconfigmanager/setup.go:514","msg":"Automatic test type detected - playwright"}
{"level":"error","time":"2026-03-01T14:31:41.789+0530","caller":"core/lifecycle.go:115","msg":"2026-03-01T14:31:35+05:30    error    \u001b[91mERR::YML::VAL\u001b[0m     Invalid yaml content: Invalid version found in .hyperexecute.yaml"}
{"level":"debug","time":"2026-03-01T14:31:41.795+0530","caller":"core/lifecycle.go:59","msg":"Quit requested from main goroutine...."}
{"level":"debug","time":"2026-03-01T14:31:41.795+0530","caller":"core/lifecycle.go:60","msg":"Waiting for the goroutines to exit"}
{"level":"debug","time":"2026-03-01T14:31:41.795+0530","caller":"core/lifecycle.go:63","msg":"All lifecycle goroutines exited"}
{"level":"debug","time":"2026-03-01T14:31:41.795+0530","caller":"cmd/bin.go:361","msg":"main: all goroutines have finished."}
{"level":"debug","time":"2026-03-01T14:31:41.795+0530","caller":"cmd/bin.go:400","msg":"Exiting application due to error \u001b[91mERR::YML::VAL\u001b[0m     Invalid yaml content: Invalid version found in .hyperexecute.yaml"}
{"level":"debug","time":"2026-03-01T14:32:09.231+0530","caller":"cmd/bin.go:145","msg":"cli os: windows, cli arch: amd64"}
{"level":"debug","time":"2026-03-01T14:32:10.152+0530","caller":"cmd/bin.go:154","msg":"Upstream version details: {Name:cli Min:0.2.265 Max:0.2.329} "}
{"level":"info","time":"2026-03-01T14:32:10.152+0530","caller":"cmd/bin.go:202","msg":"Generating TraceID for tracking request: 01KJMA4D1GGDNY6906ARJEHEDM \n"}
{"level":"debug","time":"2026-03-01T14:32:11.935+0530","caller":"core/lifecycle.go:107","msg":"Setting environment"}
{"level":"debug","time":"2026-03-01T14:32:11.936+0530","caller":"core/lifecycle.go:110","msg":"Parsing config"}
{"level":"debug","time":"2026-03-01T14:32:11.936+0530","caller":"yamlconfigmanager/setup.go:724","msg":"Custom location for .hyperexecute.yaml specified. Using: hyperexecute.yaml"}
{"level":"debug","time":"2026-03-01T14:32:11.936+0530","caller":"yamlconfigmanager/setup.go:116","msg":"using hyperexecute config from : hyperexecute.yaml"}
{"level":"debug","time":"2026-03-01T14:32:14.403+0530","caller":"yamlconfigmanager/setup.go:2138","msg":"Autodetecting test type in files of path : C:\\PlaywrightAutomation"}
{"level":"debug","time":"2026-03-01T14:32:14.404+0530","caller":"yamlconfigmanager/setup.go:2180","msg":"File in which test type is detected - C:\\PlaywrightAutomation/package.json"}
{"level":"debug","time":"2026-03-01T14:32:14.404+0530","caller":"yamlconfigmanager/setup.go:2181","msg":"Pre command in which test type is detected - npx playwright install"}
{"level":"debug","time":"2026-03-01T14:32:14.404+0530","caller":"yamlconfigmanager/setup.go:514","msg":"Automatic test type detected - playwright"}
{"level":"error","time":"2026-03-01T14:32:14.404+0530","caller":"core/lifecycle.go:115","msg":"2026-03-01T14:32:08+05:30    error    \u001b[91mERR::YML::VAL\u001b[0m     Invalid yaml content: Invalid version found in .hyperexecute.yaml"}
{"level":"debug","time":"2026-03-01T14:32:14.405+0530","caller":"core/lifecycle.go:59","msg":"Quit requested from main goroutine...."}
{"level":"debug","time":"2026-03-01T14:32:14.405+0530","caller":"core/lifecycle.go:60","msg":"Waiting for the goroutines to exit"}
{"level":"debug","time":"2026-03-01T14:32:14.405+0530","caller":"core/lifecycle.go:63","msg":"All lifecycle goroutines exited"}
{"level":"debug","time":"2026-03-01T14:32:14.405+0530","caller":"cmd/bin.go:361","msg":"main: all goroutines have finished."}
{"level":"debug","time":"2026-03-01T14:32:14.405+0530","caller":"cmd/bin.go:400","msg":"Exiting application due to error \u001b[91mERR::YML::VAL\u001b[0m     Invalid yaml content: Invalid version found in .hyperexecute.yaml"}
{"level":"debug","time":"2026-03-01T14:33:20.196+0530","caller":"cmd/bin.go:145","msg":"cli os: windows, cli arch: amd64"}
{"level":"debug","time":"2026-03-01T14:33:21.056+0530","caller":"cmd/bin.go:154","msg":"Upstream version details: {Name:cli Min:0.2.265 Max:0.2.329} "}
{"level":"info","time":"2026-03-01T14:33:21.056+0530","caller":"cmd/bin.go:202","msg":"Generating TraceID for tracking request: 01KJMA6HJ8E1CS6Y7YB327JR6P \n"}
{"level":"debug","time":"2026-03-01T14:33:23.472+0530","caller":"core/lifecycle.go:107","msg":"Setting environment"}
{"level":"debug","time":"2026-03-01T14:33:23.474+0530","caller":"core/lifecycle.go:110","msg":"Parsing config"}
{"level":"debug","time":"2026-03-01T14:33:23.474+0530","caller":"yamlconfigmanager/setup.go:724","msg":"Custom location for .hyperexecute.yaml specified. Using: hyperexecute.yaml"}
{"level":"debug","time":"2026-03-01T14:33:23.475+0530","caller":"yamlconfigmanager/setup.go:116","msg":"using hyperexecute config from : hyperexecute.yaml"}
{"level":"debug","time":"2026-03-01T14:33:25.622+0530","caller":"yamlconfigmanager/setup.go:2138","msg":"Autodetecting test type in files of path : C:\\PlaywrightAutomation"}
{"level":"debug","time":"2026-03-01T14:33:25.623+0530","caller":"yamlconfigmanager/setup.go:2180","msg":"File in which test type is detected - C:\\PlaywrightAutomation/package.json"}
{"level":"debug","time":"2026-03-01T14:33:25.623+0530","caller":"yamlconfigmanager/setup.go:2181","msg":"Pre command in which test type is detected - npx playwright install"}
{"level":"debug","time":"2026-03-01T14:33:25.623+0530","caller":"yamlconfigmanager/setup.go:514","msg":"Automatic test type detected - playwright"}
{"level":"debug","time":"2026-03-01T14:33:25.637+0530","caller":"yamlconfigmanager/setup.go:546","msg":"Tunnel: false"}
{"level":"info","time":"2026-03-01T14:33:25.637+0530","caller":"models/HypertestYamlConfig.go:957","msg":"\n\u001b[4m\u001b[1m\u001b[97mExecution Plan\u001b[0m\u001b[22m\u001b[24m"}
{"level":"info","time":"2026-03-01T14:33:25.641+0530","caller":"models/HypertestYamlConfig.go:758","msg":"Mode:    \u001b[36mautosplit\u001b[0m"}
{"level":"info","time":"2026-03-01T14:33:25.642+0530","caller":"models/HypertestYamlConfig.go:818","msg":"Runson:    \u001b[36mwin\u001b[0m"}
{"level":"info","time":"2026-03-01T14:33:25.643+0530","caller":"models/HypertestYamlConfig.go:826","msg":"Concurrency:    \u001b[36m2\u001b[0m"}
{"level":"info","time":"2026-03-01T14:33:25.644+0530","caller":"models/HypertestYamlConfig.go:890","msg":"Report:    \u001b[36mdisabled\u001b[0m"}
{"level":"info","time":"2026-03-01T14:33:25.644+0530","caller":"models/HypertestYamlConfig.go:922","msg":"Cache Directories:"}
{"level":"info","time":"2026-03-01T14:33:25.645+0530","caller":"models/HypertestYamlConfig.go:924","msg":"    \u001b[36mnode_modules\u001b[0m"}
{"level":"info","time":"2026-03-01T14:33:25.645+0530","caller":"models/HypertestYamlConfig.go:970","msg":""}
{"level":"debug","time":"2026-03-01T14:33:25.646+0530","caller":"filevalidator/setup.go:49","msg":"Warning: Checking data.json file in current directory, no dataJsonPath found in .hyperexecute.yaml"}
{"level":"debug","time":"2026-03-01T14:33:25.653+0530","caller":"filevalidator/setup.go:53","msg":"Warning: data.json file doesn't exist"}
{"level":"info","time":"2026-03-01T14:33:30.860+0530","caller":"core/lifecycle.go:448","msg":"\u001b[102m\u001b[1m\u001b[30mYou've consumed 8.67 % of your limit. Free trial mins left - 274.00\u001b[0m\u001b[22m\u001b[0m"}
{"level":"debug","time":"2026-03-01T14:33:30.861+0530","caller":"core/lifecycle.go:527","msg":"Job ID: 076a5529-17c0-4a6e-b9fe-2ca34ae34563"}
{"level":"debug","time":"2026-03-01T14:33:30.861+0530","caller":"core/lifecycle.go:530","msg":"User - visheshmothukuri, triggered job with ID 076a5529-17c0-4a6e-b9fe-2ca34ae34563 from CLI"}
{"level":"debug","time":"2026-03-01T14:33:30.861+0530","caller":"core/lifecycle.go:533","msg":"User has provided playwright as test type for the job with ID 076a5529-17c0-4a6e-b9fe-2ca34ae34563"}
{"level":"debug","time":"2026-03-01T14:33:30.861+0530","caller":"events/manager.go:97","msg":"Starting event manager"}
{"level":"debug","time":"2026-03-01T14:33:30.866+0530","caller":"events/manager.go:99","msg":"SSE enabled, getting SSE connection"}
{"level":"debug","time":"2026-03-01T14:33:30.878+0530","caller":"archivemanager/setup.go:339","msg":"digestMap: map[]"}
{"level":"debug","time":"2026-03-01T14:33:30.878+0530","caller":"archivemanager/setup.go:345","msg":"Creating archive of target directory: C:\\PlaywrightAutomation"}
{"level":"debug","time":"2026-03-01T14:33:31.629+0530","caller":"core/lifecycle.go:684","msg":"Zip file size: 3.76 MB"}
{"level":"debug","time":"2026-03-01T14:33:31.629+0530","caller":"core/lifecycle.go:694","msg":"Archive location: C:\\PlaywrightAutomation\\hyperexecute-code-076a5529-17c0-4a6e-b9fe-2ca34ae34563.zip\n"}
{"level":"debug","time":"2026-03-01T14:33:31.679+0530","caller":"storage/azure.go:60","msg":"Payload size: 3.76 MB, source path C:\\PlaywrightAutomation\\hyperexecute-code-076a5529-17c0-4a6e-b9fe-2ca34ae34563.zip"}
{"level":"debug","time":"2026-03-01T14:33:31.681+0530","caller":"utils/azcopy.go:143","msg":"Downloading dependency binary ..................."}
{"level":"debug","time":"2026-03-01T14:33:31.870+0530","caller":"utils/azcopy.go:100","msg":"Downloading dependency to upload files"}
{"level":"debug","time":"2026-03-01T14:33:31.876+0530","caller":"events/manager.go:288","msg":"connection to hyperexecute server established successfully."}
{"level":"info","time":"2026-03-01T14:33:41.506+0530","caller":"utils/azcopy.go:118","msg":"✔ Dependency binary downloaded successfully"}
{"level":"debug","time":"2026-03-01T14:33:41.506+0530","caller":"utils/azcopy.go:194","msg":"returning from fallback"}
{"level":"debug","time":"2026-03-01T14:33:48.372+0530","caller":"storage/azure.go:84","msg":"Azcopy output: \n\r0.0 %, 0 Done, 0 Failed, 1 Pending, 0 Skipped, 1 Total, 2-sec Throughput (Mb/s): 1.0484\r0.0 %, 0 Done, 0 Failed, 1 Pending, 0 Skipped, 1 Total, 2-sec Throughput (Mb/s): 13.9967\r100.0 %, 1 Done, 0 Failed, 0 Pending, 0 Skipped, 1 Total,                               \nTotal time taken to upload(min) :0.1\n, stderr: "}
{"level":"info","time":"2026-03-01T14:33:48.372+0530","caller":"storage/azure.go:123","msg":"File: C:\\PlaywrightAutomation\\hyperexecute-code-076a5529-17c0-4a6e-b9fe-2ca34ae34563.zip upload completed in 16.7423764s"}
{"level":"debug","time":"2026-03-01T14:33:48.374+0530","caller":"receptionmanager/setup.go:274","msg":"number of entries in runtimes: 0, switching to new yaml format"}
{"level":"debug","time":"2026-03-01T14:33:48.375+0530","caller":"receptionmanager/setup.go:303","msg":"number of entries in partialreports: 0, switching to new yaml format"}
{"level":"debug","time":"2026-03-01T14:33:48.376+0530","caller":"receptionmanager/setup.go:188","msg":"Uploading yaml : C:\\PlaywrightAutomation\\.updatedhyperexecute.yaml"}
{"level":"debug","time":"2026-03-01T14:33:48.419+0530","caller":"storage/azure.go:60","msg":"Payload size: 3.92 kB, source path C:\\PlaywrightAutomation\\.updatedhyperexecute.yaml"}
{"level":"debug","time":"2026-03-01T14:33:51.118+0530","caller":"storage/azure.go:84","msg":"Azcopy output: \n\r100.0 %, 1 Done, 0 Failed, 0 Pending, 0 Skipped, 1 Total, 2-sec Throughput (Mb/s): 0.0157\nTotal time taken to upload(min) :0.0333\n, stderr: "}
{"level":"info","time":"2026-03-01T14:33:51.118+0530","caller":"storage/azure.go:123","msg":"File: C:\\PlaywrightAutomation\\.updatedhyperexecute.yaml upload completed in 2.7414892s"}
{"level":"debug","time":"2026-03-01T14:33:51.136+0530","caller":"core/lifecycle.go:721","msg":"Successfully deleted code archive: C:\\PlaywrightAutomation\\hyperexecute-code-076a5529-17c0-4a6e-b9fe-2ca34ae34563.zip\n"}
{"level":"debug","time":"2026-03-01T14:33:51.174+0530","caller":"storage/azure.go:60","msg":"Payload size: 704 B, source path mask-076a5529-17c0-4a6e-b9fe-2ca34ae34563.yaml"}
{"level":"debug","time":"2026-03-01T14:33:53.802+0530","caller":"storage/azure.go:84","msg":"Azcopy output: \n\r100.0 %, 1 Done, 0 Failed, 0 Pending, 0 Skipped, 1 Total, 2-sec Throughput (Mb/s): 0.0028\nTotal time taken to upload(min) :0.0333\n, stderr: "}
{"level":"info","time":"2026-03-01T14:33:53.802+0530","caller":"storage/azure.go:123","msg":"File: mask-076a5529-17c0-4a6e-b9fe-2ca34ae34563.yaml upload completed in 2.6623699s"}
{"level":"debug","time":"2026-03-01T14:33:55.988+0530","caller":"jobmanager/sse_setup.go:192","msg":"Task id: HYPW-3031466-1772355834916419914FOX"}
{"level":"debug","time":"2026-03-01T14:33:55.988+0530","caller":"jobmanager/sse_setup.go:193","msg":"Sending new task alert to stage manager for taskId: HYPW-3031466-1772355834916419914FOX"}
{"level":"debug","time":"2026-03-01T14:33:55.988+0530","caller":"jobmanager/sse_setup.go:192","msg":"Task id: HYPW-3031466-1772355834921090840GDF"}
{"level":"debug","time":"2026-03-01T14:33:55.988+0530","caller":"jobmanager/sse_setup.go:193","msg":"Sending new task alert to stage manager for taskId: HYPW-3031466-1772355834921090840GDF"}
{"level":"info","time":"2026-03-01T14:33:57.384+0530","caller":"terminal/terminal.go:187","msg":"✔ [1]  cache-download (0s)\n"}
{"level":"info","time":"2026-03-01T14:33:57.561+0530","caller":"terminal/terminal.go:187","msg":"✔ [2]  cache-download (1s)\n"}
{"level":"info","time":"2026-03-01T14:33:57.575+0530","caller":"jobmanager/sse_setup.go:84","msg":"\nJob 076a5529-17c0-4a6e-b9fe-2ca34ae34563 has started RUNNING"}
{"level":"info","time":"2026-03-01T14:33:57.576+0530","caller":"jobmanager/manager.go:138","msg":"Job Link: https://hyperexecute.lambdatest.com/hyperexecute/task?jobId=076a5529-17c0-4a6e-b9fe-2ca34ae34563\n"}
{"level":"info","time":"2026-03-01T14:34:24.003+0530","caller":"terminal/terminal.go:187","msg":"✔ [1]  pre (27s)\n"}
{"level":"info","time":"2026-03-01T14:34:24.175+0530","caller":"terminal/terminal.go:187","msg":"✔ [1]  discovery (0s)\n"}
{"level":"info","time":"2026-03-01T14:34:27.861+0530","caller":"terminal/terminal.go:187","msg":"✔ [2]  pre (31s)\n"}
{"level":"info","time":"2026-03-01T14:34:28.001+0530","caller":"terminal/terminal.go:187","msg":"✔ [2]  discovery (1s)\n"}
{"level":"info","time":"2026-03-01T14:34:50.681+0530","caller":"terminal/terminal.go:187","msg":"✔ [1]  dragSlider.spec.js (26s)\n"}
{"level":"info","time":"2026-03-01T14:34:52.504+0530","caller":"terminal/terminal.go:187","msg":"✔ [2]  inputForm.spec.js (23s)\n"}
{"level":"info","time":"2026-03-01T14:35:02.988+0530","caller":"terminal/terminal.go:187","msg":"✔ [1]  simpleForm.spec.js (13s)\n"}
{"level":"debug","time":"2026-03-01T14:35:05.734+0530","caller":"jobmanager/sse_setup.go:134","msg":"\n\nJob status"}
{"level":"info","time":"2026-03-01T14:35:06.503+0530","caller":"jobmanager/JobSummaryManager.go:54","msg":"\n COMPLETED \n"}
{"level":"info","time":"2026-03-01T14:35:06.504+0530","caller":"jobmanager/JobSummaryManager.go:113","msg":"    Test Execution Time:                  17s"}
{"level":"info","time":"2026-03-01T14:35:06.505+0530","caller":"jobmanager/JobSummaryManager.go:113","msg":"    Job Duration Time:                    1m7s"}
{"level":"info","time":"2026-03-01T14:35:06.506+0530","caller":"jobmanager/JobSummaryManager.go:113","msg":"    Total Tasks:                          2"}
{"level":"info","time":"2026-03-01T14:35:06.506+0530","caller":"jobmanager/JobSummaryManager.go:113","msg":"    Cumulative Time Consumed:             2m7s"}
{"level":"info","time":"2026-03-01T14:35:06.506+0530","caller":"jobmanager/JobSummaryManager.go:113","msg":"    Total Stages:                         7"}
{"level":"info","time":"2026-03-01T14:35:06.507+0530","caller":"jobmanager/JobSummaryManager.go:113","msg":"    Pass discovery stage percentage:      100.00%"}
{"level":"info","time":"2026-03-01T14:35:06.507+0530","caller":"jobmanager/JobSummaryManager.go:113","msg":"    Failed discovery stage percentage:    0.00%"}
{"level":"info","time":"2026-03-01T14:35:06.508+0530","caller":"jobmanager/JobSummaryManager.go:113","msg":"    Pass pre stage percentage:            100.00%"}
{"level":"info","time":"2026-03-01T14:35:06.508+0530","caller":"jobmanager/JobSummaryManager.go:113","msg":"    Failed pre stage percentage:          0.00%"}
{"level":"info","time":"2026-03-01T14:35:06.509+0530","caller":"jobmanager/JobSummaryManager.go:113","msg":"    Pass test stage percentage:           100.00%"}
{"level":"info","time":"2026-03-01T14:35:06.510+0530","caller":"jobmanager/JobSummaryManager.go:113","msg":"    Failed test stage percentage:         0.00%"}
{"level":"info","time":"2026-03-01T14:35:06.511+0530","caller":"jobmanager/JobSummaryManager.go:113","msg":"    Pass post stage percentage:           0.00%"}
{"level":"info","time":"2026-03-01T14:35:06.512+0530","caller":"jobmanager/JobSummaryManager.go:113","msg":"    Failed post stage percentage:         0.00%"}
{"level":"info","time":"2026-03-01T14:35:06.513+0530","caller":"jobmanager/JobSummaryManager.go:113","msg":"    Failed Tasks:                         0"}
{"level":"info","time":"2026-03-01T14:35:06.513+0530","caller":"jobmanager/JobSummaryManager.go:58","msg":""}
{"level":"debug","time":"2026-03-01T14:35:06.526+0530","caller":"core/lifecycle.go:918","msg":"Context canceled"}
{"level":"info","time":"2026-03-01T14:35:06.526+0530","caller":"core/lifecycle.go:921","msg":"Stopping pipeline gracefully"}
{"level":"info","time":"2026-03-01T14:35:06.527+0530","caller":"jobmanager/manager.go:138","msg":"Job Link: https://hyperexecute.lambdatest.com/hyperexecute/task?jobId=076a5529-17c0-4a6e-b9fe-2ca34ae34563\n"}
{"level":"info","time":"2026-03-01T14:35:06.527+0530","caller":"events/manager.go:338","msg":"context done and stopping SSE"}
{"level":"debug","time":"2026-03-01T14:35:06.532+0530","caller":"events/manager.go:256","msg":"Stopping event manager"}
{"level":"debug","time":"2026-03-01T14:35:06.531+0530","caller":"core/lifecycle.go:59","msg":"Quit requested from main goroutine...."}
{"level":"debug","time":"2026-03-01T14:35:06.532+0530","caller":"core/lifecycle.go:60","msg":"Waiting for the goroutines to exit"}
{"level":"debug","time":"2026-03-01T14:35:06.532+0530","caller":"core/lifecycle.go:63","msg":"All lifecycle goroutines exited"}
{"level":"debug","time":"2026-03-01T14:35:06.532+0530","caller":"cmd/bin.go:361","msg":"main: all goroutines have finished."}
